[2m12:01:54 pm[22m [31m[1m[vite][22m[39m [31mhttp proxy error: /api/db[39m
AggregateError [ECONNREFUSED]: 
    at internalConnectMultiple (node:net:1194:18)
    at afterConnectMultiple (node:net:1784:7)
[2m12:02:18 pm[22m [31m[1m[vite][22m[39m [31mhttp proxy error: /api/audit-logs[39m
AggregateError [ECONNREFUSED]: 
    at internalConnectMultiple (node:net:1194:18)
    at afterConnectMultiple (node:net:1784:7)
[2m12:02:24 pm[22m [31m[1m[vite][22m[39m [31mhttp proxy error: /api/audit-logs[39m
AggregateError [ECONNREFUSED]: 
    at internalConnectMultiple (node:net:1194:18)
    at afterConnectMultiple (node:net:1784:7)
[2m12:02:30 pm[22m [31m[1m[vite][22m[39m [31mhttp proxy error: /api/db[39m
AggregateError [ECONNREFUSED]: 
    at internalConnectMultiple (node:net:1194:18)
    at afterConnectMultiple (node:net:1784:7)
[2m12:16:29 pm[22m [31m[1m[vite][22m[39m [31mhttp proxy error: /api/audit-logs[39m
AggregateError [ECONNREFUSED]: 
    at internalConnectMultiple (node:net:1194:18)
    at afterConnectMultiple (node:net:1784:7)
[2m12:16:35 pm[22m [31m[1m[vite][22m[39m [31mhttp proxy error: /api/audit-logs[39m
AggregateError [ECONNREFUSED]: 
    at internalConnectMultiple (node:net:1194:18)
    at afterConnectMultiple (node:net:1784:7)
