2026-07-20 02:45:05.522 | INFO     | app.main:lifespan:23 - Starting up application...
2026-07-20 02:45:05.523 | INFO     | app.database.connection:init_db:23 - Connecting to MongoDB at mongodb+srv://<username>:<password>@cluster0.mongodb.net/?retryWrites=true&w=majority...
2026-07-20 02:45:05.809 | ERROR    | app.database.connection:init_db:70 - Failed to initialize database: The DNS query name does not exist: _mongodb._tcp.cluster0.mongodb.net.
2026-07-20 02:46:52.812 | INFO     | app.main:lifespan:23 - Starting up application...
2026-07-20 02:46:52.816 | INFO     | app.database.connection:init_db:23 - Connecting to MongoDB at mongodb+srv://<username>:<password>@cluster0.mongodb.net/?retryWrites=true&w=majority...
2026-07-20 02:46:53.103 | ERROR    | app.database.connection:init_db:70 - Failed to initialize database: The DNS query name does not exist: _mongodb._tcp.cluster0.mongodb.net.
2026-07-20 02:46:58.147 | INFO     | app.main:lifespan:23 - Starting up application...
2026-07-20 02:46:58.148 | INFO     | app.database.connection:init_db:23 - Connecting to MongoDB at mongodb+srv://<username>:<password>@cluster0.mongodb.net/?retryWrites=true&w=majority...
2026-07-20 02:46:58.280 | ERROR    | app.database.connection:init_db:70 - Failed to initialize database: The DNS query name does not exist: _mongodb._tcp.cluster0.mongodb.net.
2026-07-20 02:47:06.520 | INFO     | app.main:lifespan:23 - Starting up application...
2026-07-20 02:47:06.520 | INFO     | app.database.connection:init_db:23 - Connecting to MongoDB at mongodb+srv://<username>:<password>@cluster0.mongodb.net/?retryWrites=true&w=majority...
2026-07-20 02:47:06.703 | ERROR    | app.database.connection:init_db:70 - Failed to initialize database: The DNS query name does not exist: _mongodb._tcp.cluster0.mongodb.net.
2026-07-20 02:47:21.219 | INFO     | app.main:lifespan:23 - Starting up application...
2026-07-20 02:47:21.221 | INFO     | app.database.connection:init_db:23 - Connecting to MongoDB at mongodb+srv://<username>:<password>@cluster0.mongodb.net/?retryWrites=true&w=majority...
2026-07-20 02:47:21.310 | ERROR    | app.database.connection:init_db:70 - Failed to initialize database: The DNS query name does not exist: _mongodb._tcp.cluster0.mongodb.net.
2026-07-20 02:47:30.747 | INFO     | app.main:lifespan:23 - Starting up application...
2026-07-20 02:47:30.748 | INFO     | app.database.connection:init_db:23 - Connecting to MongoDB at mongodb+srv://<username>:<password>@cluster0.mongodb.net/?retryWrites=true&w=majority...
2026-07-20 02:47:30.870 | ERROR    | app.database.connection:init_db:70 - Failed to initialize database: The DNS query name does not exist: _mongodb._tcp.cluster0.mongodb.net.
2026-07-20 02:47:38.203 | INFO     | app.main:lifespan:23 - Starting up application...
2026-07-20 02:47:38.204 | INFO     | app.database.connection:init_db:24 - Connecting to MongoDB at mongodb+srv://<username>:<password>@cluster0.mongodb.net/?retryWrites=true&w=majority...
2026-07-20 02:47:38.293 | ERROR    | app.database.connection:init_db:75 - Failed to initialize database: The DNS query name does not exist: _mongodb._tcp.cluster0.mongodb.net.
2026-07-20 02:47:45.540 | INFO     | app.main:lifespan:23 - Starting up application...
2026-07-20 02:47:45.543 | INFO     | app.database.connection:init_db:24 - Connecting to MongoDB at mongodb+srv://<username>:<password>@cluster0.mongodb.net/?retryWrites=true&w=majority...
2026-07-20 02:47:45.625 | ERROR    | app.database.connection:init_db:75 - Failed to initialize database: The DNS query name does not exist: _mongodb._tcp.cluster0.mongodb.net.
2026-07-20 02:50:37.853 | INFO     | app.main:lifespan:23 - Starting up application...
2026-07-20 02:50:37.856 | INFO     | app.database.connection:init_db:24 - Connecting to MongoDB at mongodb+srv://<username>:<password>@cluster0.mongodb.net/?retryWrites=true&w=majority...
2026-07-20 02:50:38.134 | ERROR    | app.database.connection:init_db:75 - Failed to initialize database: The DNS query name does not exist: _mongodb._tcp.cluster0.mongodb.net.
2026-07-20 02:50:43.518 | INFO     | app.main:lifespan:23 - Starting up application...
2026-07-20 02:50:43.520 | INFO     | app.database.connection:init_db:24 - Connecting to MongoDB at mongodb+srv://<username>:<password>@cluster0.mongodb.net/?retryWrites=true&w=majority...
2026-07-20 02:50:43.733 | ERROR    | app.database.connection:init_db:75 - Failed to initialize database: The DNS query name does not exist: _mongodb._tcp.cluster0.mongodb.net.
2026-07-20 02:50:50.613 | INFO     | app.main:lifespan:23 - Starting up application...
2026-07-20 02:50:50.613 | INFO     | app.database.connection:init_db:24 - Connecting to MongoDB at mongodb+srv://<username>:<password>@cluster0.mongodb.net/?retryWrites=true&w=majority...
2026-07-20 02:50:50.784 | ERROR    | app.database.connection:init_db:75 - Failed to initialize database: The DNS query name does not exist: _mongodb._tcp.cluster0.mongodb.net.
2026-07-20 02:51:05.302 | INFO     | app.main:lifespan:23 - Starting up application...
2026-07-20 02:51:05.306 | INFO     | app.database.connection:init_db:24 - Connecting to MongoDB at mongodb+srv://<username>:<password>@cluster0.mongodb.net/?retryWrites=true&w=majority...
2026-07-20 02:51:05.507 | ERROR    | app.database.connection:init_db:75 - Failed to initialize database: The DNS query name does not exist: _mongodb._tcp.cluster0.mongodb.net.
2026-07-20 02:51:13.057 | INFO     | app.main:lifespan:23 - Starting up application...
2026-07-20 02:51:13.058 | INFO     | app.database.connection:init_db:24 - Connecting to MongoDB at mongodb+srv://<username>:<password>@cluster0.mongodb.net/?retryWrites=true&w=majority...
2026-07-20 02:51:13.182 | ERROR    | app.database.connection:init_db:75 - Failed to initialize database: The DNS query name does not exist: _mongodb._tcp.cluster0.mongodb.net.
2026-07-20 02:51:19.708 | INFO     | app.main:lifespan:23 - Starting up application...
2026-07-20 02:51:19.709 | INFO     | app.database.connection:init_db:25 - Connecting to MongoDB at mongodb+srv://<username>:<password>@cluster0.mongodb.net/?retryWrites=true&w=majority...
2026-07-20 02:51:19.794 | ERROR    | app.database.connection:init_db:81 - Failed to initialize database: The DNS query name does not exist: _mongodb._tcp.cluster0.mongodb.net.
2026-07-20 02:51:27.102 | INFO     | app.main:lifespan:23 - Starting up application...
2026-07-20 02:51:27.103 | INFO     | app.database.connection:init_db:25 - Connecting to MongoDB at mongodb+srv://<username>:<password>@cluster0.mongodb.net/?retryWrites=true&w=majority...
2026-07-20 02:51:27.201 | ERROR    | app.database.connection:init_db:81 - Failed to initialize database: The DNS query name does not exist: _mongodb._tcp.cluster0.mongodb.net.
2026-07-20 02:58:08.526 | INFO     | app.main:lifespan:23 - Starting up application...
2026-07-20 02:58:08.529 | INFO     | app.database.connection:init_db:25 - Connecting to MongoDB at mongodb+srv://rohitsenzenvora_db_user:oB02qwLgSvHZwOcH@cluster0.5b0lcqr.mongodb.net/?appName=Cluster0...
2026-07-20 02:58:39.289 | ERROR    | app.database.connection:init_db:81 - Failed to initialize database: SSL handshake failed: ac-qrjetqy-shard-00-02.5b0lcqr.mongodb.net:27017: [SSL: TLSV1_ALERT_INTERNAL_ERROR] tlsv1 alert internal error (_ssl.c:1000) (configured timeouts: socketTimeoutMS: 20000.0ms, connectTimeoutMS: 20000.0ms),SSL handshake failed: ac-qrjetqy-shard-00-01.5b0lcqr.mongodb.net:27017: [SSL: TLSV1_ALERT_INTERNAL_ERROR] tlsv1 alert internal error (_ssl.c:1000) (configured timeouts: socketTimeoutMS: 20000.0ms, connectTimeoutMS: 20000.0ms),SSL handshake failed: ac-qrjetqy-shard-00-00.5b0lcqr.mongodb.net:27017: [SSL: TLSV1_ALERT_INTERNAL_ERROR] tlsv1 alert internal error (_ssl.c:1000) (configured timeouts: socketTimeoutMS: 20000.0ms, connectTimeoutMS: 20000.0ms), Timeout: 30s, Topology Description: <TopologyDescription id: 6a5d41682e87c0bef7164650, topology_type: ReplicaSetNoPrimary, servers: [<ServerDescription ('ac-qrjetqy-shard-00-00.5b0lcqr.mongodb.net', 27017) server_type: Unknown, rtt: None, error=AutoReconnect('SSL handshake failed: ac-qrjetqy-shard-00-00.5b0lcqr.mongodb.net:27017: [SSL: TLSV1_ALERT_INTERNAL_ERROR] tlsv1 alert internal error (_ssl.c:1000) (configured timeouts: socketTimeoutMS: 20000.0ms, connectTimeoutMS: 20000.0ms)')>, <ServerDescription ('ac-qrjetqy-shard-00-01.5b0lcqr.mongodb.net', 27017) server_type: Unknown, rtt: None, error=AutoReconnect('SSL handshake failed: ac-qrjetqy-shard-00-01.5b0lcqr.mongodb.net:27017: [SSL: TLSV1_ALERT_INTERNAL_ERROR] tlsv1 alert internal error (_ssl.c:1000) (configured timeouts: socketTimeoutMS: 20000.0ms, connectTimeoutMS: 20000.0ms)')>, <ServerDescription ('ac-qrjetqy-shard-00-02.5b0lcqr.mongodb.net', 27017) server_type: Unknown, rtt: None, error=AutoReconnect('SSL handshake failed: ac-qrjetqy-shard-00-02.5b0lcqr.mongodb.net:27017: [SSL: TLSV1_ALERT_INTERNAL_ERROR] tlsv1 alert internal error (_ssl.c:1000) (configured timeouts: socketTimeoutMS: 20000.0ms, connectTimeoutMS: 20000.0ms)')>]>
2026-07-20 03:00:46.809 | INFO     | app.main:lifespan:23 - Starting up application...
2026-07-20 03:00:46.809 | INFO     | app.database.connection:init_db:25 - Connecting to MongoDB at mongodb+srv://rohitsenzenvora_db_user:oB02qwLgSvHZwOcH@cluster0.5b0lcqr.mongodb.net/?appName=Cluster0...
2026-07-20 03:01:17.463 | ERROR    | app.database.connection:init_db:81 - Failed to initialize database: SSL handshake failed: ac-qrjetqy-shard-00-01.5b0lcqr.mongodb.net:27017: [SSL: TLSV1_ALERT_INTERNAL_ERROR] tlsv1 alert internal error (_ssl.c:1000) (configured timeouts: socketTimeoutMS: 20000.0ms, connectTimeoutMS: 20000.0ms),SSL handshake failed: ac-qrjetqy-shard-00-02.5b0lcqr.mongodb.net:27017: [SSL: TLSV1_ALERT_INTERNAL_ERROR] tlsv1 alert internal error (_ssl.c:1000) (configured timeouts: socketTimeoutMS: 20000.0ms, connectTimeoutMS: 20000.0ms),SSL handshake failed: ac-qrjetqy-shard-00-00.5b0lcqr.mongodb.net:27017: [SSL: TLSV1_ALERT_INTERNAL_ERROR] tlsv1 alert internal error (_ssl.c:1000) (configured timeouts: socketTimeoutMS: 20000.0ms, connectTimeoutMS: 20000.0ms), Timeout: 30s, Topology Description: <TopologyDescription id: 6a5d42065f6618717b8fcc7c, topology_type: ReplicaSetNoPrimary, servers: [<ServerDescription ('ac-qrjetqy-shard-00-00.5b0lcqr.mongodb.net', 27017) server_type: Unknown, rtt: None, error=AutoReconnect('SSL handshake failed: ac-qrjetqy-shard-00-00.5b0lcqr.mongodb.net:27017: [SSL: TLSV1_ALERT_INTERNAL_ERROR] tlsv1 alert internal error (_ssl.c:1000) (configured timeouts: socketTimeoutMS: 20000.0ms, connectTimeoutMS: 20000.0ms)')>, <ServerDescription ('ac-qrjetqy-shard-00-01.5b0lcqr.mongodb.net', 27017) server_type: Unknown, rtt: None, error=AutoReconnect('SSL handshake failed: ac-qrjetqy-shard-00-01.5b0lcqr.mongodb.net:27017: [SSL: TLSV1_ALERT_INTERNAL_ERROR] tlsv1 alert internal error (_ssl.c:1000) (configured timeouts: socketTimeoutMS: 20000.0ms, connectTimeoutMS: 20000.0ms)')>, <ServerDescription ('ac-qrjetqy-shard-00-02.5b0lcqr.mongodb.net', 27017) server_type: Unknown, rtt: None, error=AutoReconnect('SSL handshake failed: ac-qrjetqy-shard-00-02.5b0lcqr.mongodb.net:27017: [SSL: TLSV1_ALERT_INTERNAL_ERROR] tlsv1 alert internal error (_ssl.c:1000) (configured timeouts: socketTimeoutMS: 20000.0ms, connectTimeoutMS: 20000.0ms)')>]>
2026-07-20 03:01:22.067 | INFO     | app.main:lifespan:23 - Starting up application...
2026-07-20 03:01:22.068 | INFO     | app.database.connection:init_db:25 - Connecting to MongoDB at mongodb+srv://rohitsenzenvora_db_user:oB02qwLgSvHZwOcH@cluster0.5b0lcqr.mongodb.net/?appName=Cluster0...
2026-07-20 03:01:52.784 | ERROR    | app.database.connection:init_db:81 - Failed to initialize database: SSL handshake failed: ac-qrjetqy-shard-00-00.5b0lcqr.mongodb.net:27017: [SSL: TLSV1_ALERT_INTERNAL_ERROR] tlsv1 alert internal error (_ssl.c:1000) (configured timeouts: socketTimeoutMS: 20000.0ms, connectTimeoutMS: 20000.0ms),SSL handshake failed: ac-qrjetqy-shard-00-01.5b0lcqr.mongodb.net:27017: [SSL: TLSV1_ALERT_INTERNAL_ERROR] tlsv1 alert internal error (_ssl.c:1000) (configured timeouts: socketTimeoutMS: 20000.0ms, connectTimeoutMS: 20000.0ms),SSL handshake failed: ac-qrjetqy-shard-00-02.5b0lcqr.mongodb.net:27017: [SSL: TLSV1_ALERT_INTERNAL_ERROR] tlsv1 alert internal error (_ssl.c:1000) (configured timeouts: socketTimeoutMS: 20000.0ms, connectTimeoutMS: 20000.0ms), Timeout: 30s, Topology Description: <TopologyDescription id: 6a5d422a7394fb8a990e99fb, topology_type: ReplicaSetNoPrimary, servers: [<ServerDescription ('ac-qrjetqy-shard-00-00.5b0lcqr.mongodb.net', 27017) server_type: Unknown, rtt: None, error=AutoReconnect('SSL handshake failed: ac-qrjetqy-shard-00-00.5b0lcqr.mongodb.net:27017: [SSL: TLSV1_ALERT_INTERNAL_ERROR] tlsv1 alert internal error (_ssl.c:1000) (configured timeouts: socketTimeoutMS: 20000.0ms, connectTimeoutMS: 20000.0ms)')>, <ServerDescription ('ac-qrjetqy-shard-00-01.5b0lcqr.mongodb.net', 27017) server_type: Unknown, rtt: None, error=AutoReconnect('SSL handshake failed: ac-qrjetqy-shard-00-01.5b0lcqr.mongodb.net:27017: [SSL: TLSV1_ALERT_INTERNAL_ERROR] tlsv1 alert internal error (_ssl.c:1000) (configured timeouts: socketTimeoutMS: 20000.0ms, connectTimeoutMS: 20000.0ms)')>, <ServerDescription ('ac-qrjetqy-shard-00-02.5b0lcqr.mongodb.net', 27017) server_type: Unknown, rtt: None, error=AutoReconnect('SSL handshake failed: ac-qrjetqy-shard-00-02.5b0lcqr.mongodb.net:27017: [SSL: TLSV1_ALERT_INTERNAL_ERROR] tlsv1 alert internal error (_ssl.c:1000) (configured timeouts: socketTimeoutMS: 20000.0ms, connectTimeoutMS: 20000.0ms)')>]>
2026-07-20 03:01:57.676 | INFO     | app.main:lifespan:23 - Starting up application...
2026-07-20 03:01:57.679 | INFO     | app.database.connection:init_db:26 - Connecting to MongoDB at mongodb+srv://rohitsenzenvora_db_user:oB02qwLgSvHZwOcH@cluster0.5b0lcqr.mongodb.net/?appName=Cluster0...
2026-07-20 03:02:28.150 | ERROR    | app.database.connection:init_db:89 - Failed to initialize database: SSL handshake failed: ac-qrjetqy-shard-00-01.5b0lcqr.mongodb.net:27017: [SSL: TLSV1_ALERT_INTERNAL_ERROR] tlsv1 alert internal error (_ssl.c:1000) (configured timeouts: socketTimeoutMS: 20000.0ms, connectTimeoutMS: 20000.0ms),SSL handshake failed: ac-qrjetqy-shard-00-02.5b0lcqr.mongodb.net:27017: [SSL: TLSV1_ALERT_INTERNAL_ERROR] tlsv1 alert internal error (_ssl.c:1000) (configured timeouts: socketTimeoutMS: 20000.0ms, connectTimeoutMS: 20000.0ms),SSL handshake failed: ac-qrjetqy-shard-00-00.5b0lcqr.mongodb.net:27017: [SSL: TLSV1_ALERT_INTERNAL_ERROR] tlsv1 alert internal error (_ssl.c:1000) (configured timeouts: socketTimeoutMS: 20000.0ms, connectTimeoutMS: 20000.0ms), Timeout: 30s, Topology Description: <TopologyDescription id: 6a5d424d1e48d6c017addb78, topology_type: ReplicaSetNoPrimary, servers: [<ServerDescription ('ac-qrjetqy-shard-00-00.5b0lcqr.mongodb.net', 27017) server_type: Unknown, rtt: None, error=AutoReconnect('SSL handshake failed: ac-qrjetqy-shard-00-00.5b0lcqr.mongodb.net:27017: [SSL: TLSV1_ALERT_INTERNAL_ERROR] tlsv1 alert internal error (_ssl.c:1000) (configured timeouts: socketTimeoutMS: 20000.0ms, connectTimeoutMS: 20000.0ms)')>, <ServerDescription ('ac-qrjetqy-shard-00-01.5b0lcqr.mongodb.net', 27017) server_type: Unknown, rtt: None, error=AutoReconnect('SSL handshake failed: ac-qrjetqy-shard-00-01.5b0lcqr.mongodb.net:27017: [SSL: TLSV1_ALERT_INTERNAL_ERROR] tlsv1 alert internal error (_ssl.c:1000) (configured timeouts: socketTimeoutMS: 20000.0ms, connectTimeoutMS: 20000.0ms)')>, <ServerDescription ('ac-qrjetqy-shard-00-02.5b0lcqr.mongodb.net', 27017) server_type: Unknown, rtt: None, error=AutoReconnect('SSL handshake failed: ac-qrjetqy-shard-00-02.5b0lcqr.mongodb.net:27017: [SSL: TLSV1_ALERT_INTERNAL_ERROR] tlsv1 alert internal error (_ssl.c:1000) (configured timeouts: socketTimeoutMS: 20000.0ms, connectTimeoutMS: 20000.0ms)')>]>
2026-07-20 03:03:58.637 | INFO     | app.main:lifespan:23 - Starting up application...
2026-07-20 03:03:58.638 | INFO     | app.database.connection:init_db:27 - Connecting to MongoDB at mongodb+srv://rohitsenzenvora_db_user:oB02qwLgSvHZwOcH@cluster0.5b0lcqr.mongodb.net/?appName=Cluster0...
2026-07-20 03:04:29.864 | ERROR    | app.database.connection:init_db:90 - Failed to initialize database: SSL handshake failed: ac-qrjetqy-shard-00-01.5b0lcqr.mongodb.net:27017: [SSL: TLSV1_ALERT_INTERNAL_ERROR] tlsv1 alert internal error (_ssl.c:1000) (configured timeouts: socketTimeoutMS: 20000.0ms, connectTimeoutMS: 20000.0ms),SSL handshake failed: ac-qrjetqy-shard-00-02.5b0lcqr.mongodb.net:27017: [SSL: TLSV1_ALERT_INTERNAL_ERROR] tlsv1 alert internal error (_ssl.c:1000) (configured timeouts: socketTimeoutMS: 20000.0ms, connectTimeoutMS: 20000.0ms),SSL handshake failed: ac-qrjetqy-shard-00-00.5b0lcqr.mongodb.net:27017: [SSL: TLSV1_ALERT_INTERNAL_ERROR] tlsv1 alert internal error (_ssl.c:1000) (configured timeouts: socketTimeoutMS: 20000.0ms, connectTimeoutMS: 20000.0ms), Timeout: 30s, Topology Description: <TopologyDescription id: 6a5d42c6ac63002016e05272, topology_type: ReplicaSetNoPrimary, servers: [<ServerDescription ('ac-qrjetqy-shard-00-00.5b0lcqr.mongodb.net', 27017) server_type: Unknown, rtt: None, error=AutoReconnect('SSL handshake failed: ac-qrjetqy-shard-00-00.5b0lcqr.mongodb.net:27017: [SSL: TLSV1_ALERT_INTERNAL_ERROR] tlsv1 alert internal error (_ssl.c:1000) (configured timeouts: socketTimeoutMS: 20000.0ms, connectTimeoutMS: 20000.0ms)')>, <ServerDescription ('ac-qrjetqy-shard-00-01.5b0lcqr.mongodb.net', 27017) server_type: Unknown, rtt: None, error=AutoReconnect('SSL handshake failed: ac-qrjetqy-shard-00-01.5b0lcqr.mongodb.net:27017: [SSL: TLSV1_ALERT_INTERNAL_ERROR] tlsv1 alert internal error (_ssl.c:1000) (configured timeouts: socketTimeoutMS: 20000.0ms, connectTimeoutMS: 20000.0ms)')>, <ServerDescription ('ac-qrjetqy-shard-00-02.5b0lcqr.mongodb.net', 27017) server_type: Unknown, rtt: None, error=AutoReconnect('SSL handshake failed: ac-qrjetqy-shard-00-02.5b0lcqr.mongodb.net:27017: [SSL: TLSV1_ALERT_INTERNAL_ERROR] tlsv1 alert internal error (_ssl.c:1000) (configured timeouts: socketTimeoutMS: 20000.0ms, connectTimeoutMS: 20000.0ms)')>]>
2026-07-20 03:04:55.531 | INFO     | app.main:lifespan:23 - Starting up application...
2026-07-20 03:04:55.533 | INFO     | app.database.connection:init_db:27 - Connecting to MongoDB at mongodb+srv://rohitsenzenvora_db_user:oB02qwLgSvHZwOcH@cluster0.5b0lcqr.mongodb.net/?appName=Cluster0...
2026-07-20 03:05:25.864 | ERROR    | app.database.connection:init_db:94 - Failed to initialize database: SSL handshake failed: ac-qrjetqy-shard-00-02.5b0lcqr.mongodb.net:27017: [SSL: TLSV1_ALERT_INTERNAL_ERROR] tlsv1 alert internal error (_ssl.c:1000) (configured timeouts: socketTimeoutMS: 20000.0ms, connectTimeoutMS: 20000.0ms),SSL handshake failed: ac-qrjetqy-shard-00-00.5b0lcqr.mongodb.net:27017: [SSL: TLSV1_ALERT_INTERNAL_ERROR] tlsv1 alert internal error (_ssl.c:1000) (configured timeouts: socketTimeoutMS: 20000.0ms, connectTimeoutMS: 20000.0ms),SSL handshake failed: ac-qrjetqy-shard-00-01.5b0lcqr.mongodb.net:27017: [SSL: TLSV1_ALERT_INTERNAL_ERROR] tlsv1 alert internal error (_ssl.c:1000) (configured timeouts: socketTimeoutMS: 20000.0ms, connectTimeoutMS: 20000.0ms), Timeout: 30s, Topology Description: <TopologyDescription id: 6a5d42ff3fca233caa0c9826, topology_type: ReplicaSetNoPrimary, servers: [<ServerDescription ('ac-qrjetqy-shard-00-00.5b0lcqr.mongodb.net', 27017) server_type: Unknown, rtt: None, error=AutoReconnect('SSL handshake failed: ac-qrjetqy-shard-00-00.5b0lcqr.mongodb.net:27017: [SSL: TLSV1_ALERT_INTERNAL_ERROR] tlsv1 alert internal error (_ssl.c:1000) (configured timeouts: socketTimeoutMS: 20000.0ms, connectTimeoutMS: 20000.0ms)')>, <ServerDescription ('ac-qrjetqy-shard-00-01.5b0lcqr.mongodb.net', 27017) server_type: Unknown, rtt: None, error=AutoReconnect('SSL handshake failed: ac-qrjetqy-shard-00-01.5b0lcqr.mongodb.net:27017: [SSL: TLSV1_ALERT_INTERNAL_ERROR] tlsv1 alert internal error (_ssl.c:1000) (configured timeouts: socketTimeoutMS: 20000.0ms, connectTimeoutMS: 20000.0ms)')>, <ServerDescription ('ac-qrjetqy-shard-00-02.5b0lcqr.mongodb.net', 27017) server_type: Unknown, rtt: None, error=AutoReconnect('SSL handshake failed: ac-qrjetqy-shard-00-02.5b0lcqr.mongodb.net:27017: [SSL: TLSV1_ALERT_INTERNAL_ERROR] tlsv1 alert internal error (_ssl.c:1000) (configured timeouts: socketTimeoutMS: 20000.0ms, connectTimeoutMS: 20000.0ms)')>]>
2026-07-20 03:08:06.417 | INFO     | app.main:lifespan:23 - Starting up application...
2026-07-20 03:08:06.419 | INFO     | app.database.connection:init_db:27 - Connecting to MongoDB at mongodb+srv://rohitsenzenvora_db_user:oB02qwLgSvHZwOcH@cluster0.5b0lcqr.mongodb.net/?appName=Cluster0...
2026-07-20 03:08:07.026 | INFO     | app.database.connection:init_db:37 - MongoDB pinged successfully.
2026-07-20 03:08:11.260 | INFO     | app.database.connection:init_db:92 - MongoDB and Beanie ODM initialized successfully.
2026-07-20 03:08:11.262 | INFO     | app.database.seeder:run_seeder:9 - Running Database Seeder...
2026-07-20 03:08:11.315 | INFO     | app.database.seeder:run_seeder:26 - Role seeded: super_admin
2026-07-20 03:08:11.363 | INFO     | app.database.seeder:run_seeder:26 - Role seeded: admin
2026-07-20 03:08:11.417 | INFO     | app.database.seeder:run_seeder:26 - Role seeded: manager
2026-07-20 03:08:11.480 | INFO     | app.database.seeder:run_seeder:26 - Role seeded: support
2026-07-20 03:08:42.570 | INFO     | app.main:lifespan:23 - Starting up application...
2026-07-20 03:08:42.573 | INFO     | app.database.connection:init_db:27 - Connecting to MongoDB at mongodb+srv://rohitsenzenvora_db_user:oB02qwLgSvHZwOcH@cluster0.5b0lcqr.mongodb.net/?appName=Cluster0...
2026-07-20 03:08:43.314 | INFO     | app.database.connection:init_db:37 - MongoDB pinged successfully.
2026-07-20 03:08:47.198 | INFO     | app.database.connection:init_db:92 - MongoDB and Beanie ODM initialized successfully.
2026-07-20 03:08:47.198 | INFO     | app.database.seeder:run_seeder:9 - Running Database Seeder...
2026-07-20 03:08:50.164 | INFO     | app.main:lifespan:23 - Starting up application...
2026-07-20 03:08:50.165 | INFO     | app.database.connection:init_db:27 - Connecting to MongoDB at mongodb+srv://rohitsenzenvora_db_user:oB02qwLgSvHZwOcH@cluster0.5b0lcqr.mongodb.net/?appName=Cluster0...
2026-07-20 03:08:50.586 | INFO     | app.database.connection:init_db:37 - MongoDB pinged successfully.
2026-07-20 03:08:53.802 | INFO     | app.database.connection:init_db:92 - MongoDB and Beanie ODM initialized successfully.
2026-07-20 03:08:53.803 | INFO     | app.database.seeder:run_seeder:9 - Running Database Seeder...
2026-07-20 03:09:00.604 | INFO     | app.main:lifespan:23 - Starting up application...
2026-07-20 03:09:00.605 | INFO     | app.database.connection:init_db:27 - Connecting to MongoDB at mongodb+srv://rohitsenzenvora_db_user:oB02qwLgSvHZwOcH@cluster0.5b0lcqr.mongodb.net/?appName=Cluster0...
2026-07-20 03:09:01.186 | INFO     | app.database.connection:init_db:37 - MongoDB pinged successfully.
2026-07-20 03:09:04.501 | INFO     | app.database.connection:init_db:92 - MongoDB and Beanie ODM initialized successfully.
2026-07-20 03:09:04.502 | INFO     | app.database.seeder:run_seeder:9 - Running Database Seeder...
2026-07-20 03:09:08.338 | INFO     | app.main:lifespan:23 - Starting up application...
2026-07-20 03:09:08.339 | INFO     | app.database.connection:init_db:27 - Connecting to MongoDB at mongodb+srv://rohitsenzenvora_db_user:oB02qwLgSvHZwOcH@cluster0.5b0lcqr.mongodb.net/?appName=Cluster0...
2026-07-20 03:09:08.980 | INFO     | app.database.connection:init_db:37 - MongoDB pinged successfully.
2026-07-20 03:09:12.377 | INFO     | app.database.connection:init_db:92 - MongoDB and Beanie ODM initialized successfully.
2026-07-20 03:09:12.377 | INFO     | app.database.seeder:run_seeder:9 - Running Database Seeder...
2026-07-20 03:09:17.436 | INFO     | app.main:lifespan:23 - Starting up application...
2026-07-20 03:09:17.439 | INFO     | app.database.connection:init_db:27 - Connecting to MongoDB at mongodb+srv://rohitsenzenvora_db_user:oB02qwLgSvHZwOcH@cluster0.5b0lcqr.mongodb.net/?appName=Cluster0...
2026-07-20 03:09:18.015 | INFO     | app.database.connection:init_db:37 - MongoDB pinged successfully.
2026-07-20 03:09:21.360 | INFO     | app.database.connection:init_db:92 - MongoDB and Beanie ODM initialized successfully.
2026-07-20 03:09:21.360 | INFO     | app.database.seeder:run_seeder:9 - Running Database Seeder...
2026-07-20 03:11:05.715 | INFO     | app.main:lifespan:23 - Starting up application...
2026-07-20 03:11:05.719 | INFO     | app.database.connection:init_db:28 - Connecting to MongoDB at mongodb+srv://rohitsenzenvora_db_user:oB02qwLgSvHZwOcH@cluster0.5b0lcqr.mongodb.net/?appName=Cluster0...
2026-07-20 03:11:06.498 | INFO     | app.database.connection:init_db:38 - MongoDB pinged successfully.
2026-07-20 03:11:10.233 | INFO     | app.database.connection:init_db:98 - MongoDB and Beanie ODM initialized successfully.
2026-07-20 03:11:10.234 | INFO     | app.database.seeder:run_seeder:9 - Running Database Seeder...
2026-07-20 03:17:34.953 | INFO     | app.main:lifespan:23 - Starting up application...
2026-07-20 03:17:34.955 | INFO     | app.database.connection:init_db:29 - Connecting to MongoDB at mongodb+srv://rohitsenzenvora_db_user:oB02qwLgSvHZwOcH@cluster0.5b0lcqr.mongodb.net/?appName=Cluster0...
2026-07-20 03:17:35.619 | INFO     | app.database.connection:init_db:39 - MongoDB pinged successfully.
2026-07-20 03:17:35.620 | ERROR    | app.database.connection:init_db:107 - Failed to initialize database: name 'SystemSettings' is not defined
2026-07-20 03:19:17.385 | INFO     | app.main:lifespan:23 - Starting up application...
2026-07-20 03:19:17.388 | INFO     | app.database.connection:init_db:29 - Connecting to MongoDB at mongodb+srv://rohitsenzenvora_db_user:oB02qwLgSvHZwOcH@cluster0.5b0lcqr.mongodb.net/?appName=Cluster0...
2026-07-20 03:19:18.190 | INFO     | app.database.connection:init_db:39 - MongoDB pinged successfully.
2026-07-20 03:19:18.191 | ERROR    | app.database.connection:init_db:107 - Failed to initialize database: name 'SystemSettings' is not defined
2026-07-20 03:19:25.695 | INFO     | app.main:lifespan:23 - Starting up application...
2026-07-20 03:19:25.697 | INFO     | app.database.connection:init_db:29 - Connecting to MongoDB at mongodb+srv://rohitsenzenvora_db_user:oB02qwLgSvHZwOcH@cluster0.5b0lcqr.mongodb.net/?appName=Cluster0...
2026-07-20 03:19:26.307 | INFO     | app.database.connection:init_db:39 - MongoDB pinged successfully.
2026-07-20 03:19:26.308 | ERROR    | app.database.connection:init_db:107 - Failed to initialize database: name 'SystemSettings' is not defined
2026-07-20 03:19:36.019 | INFO     | app.main:lifespan:23 - Starting up application...
2026-07-20 03:19:36.022 | INFO     | app.database.connection:init_db:29 - Connecting to MongoDB at mongodb+srv://rohitsenzenvora_db_user:oB02qwLgSvHZwOcH@cluster0.5b0lcqr.mongodb.net/?appName=Cluster0...
2026-07-20 03:19:36.754 | INFO     | app.database.connection:init_db:39 - MongoDB pinged successfully.
2026-07-20 03:19:36.755 | ERROR    | app.database.connection:init_db:107 - Failed to initialize database: name 'SystemSettings' is not defined
2026-07-20 03:19:51.356 | INFO     | app.main:lifespan:23 - Starting up application...
2026-07-20 03:19:51.359 | INFO     | app.database.connection:init_db:29 - Connecting to MongoDB at mongodb+srv://rohitsenzenvora_db_user:oB02qwLgSvHZwOcH@cluster0.5b0lcqr.mongodb.net/?appName=Cluster0...
2026-07-20 03:19:51.937 | INFO     | app.database.connection:init_db:39 - MongoDB pinged successfully.
2026-07-20 03:19:51.938 | ERROR    | app.database.connection:init_db:107 - Failed to initialize database: name 'SystemSettings' is not defined
2026-07-20 03:19:58.705 | INFO     | app.main:lifespan:23 - Starting up application...
2026-07-20 03:19:58.708 | INFO     | app.database.connection:init_db:29 - Connecting to MongoDB at mongodb+srv://rohitsenzenvora_db_user:oB02qwLgSvHZwOcH@cluster0.5b0lcqr.mongodb.net/?appName=Cluster0...
2026-07-20 03:19:59.302 | INFO     | app.database.connection:init_db:39 - MongoDB pinged successfully.
2026-07-20 03:19:59.303 | ERROR    | app.database.connection:init_db:107 - Failed to initialize database: name 'SystemSettings' is not defined
2026-07-20 03:20:07.727 | INFO     | app.main:lifespan:23 - Starting up application...
2026-07-20 03:20:07.730 | INFO     | app.database.connection:init_db:29 - Connecting to MongoDB at mongodb+srv://rohitsenzenvora_db_user:oB02qwLgSvHZwOcH@cluster0.5b0lcqr.mongodb.net/?appName=Cluster0...
2026-07-20 03:20:08.294 | INFO     | app.database.connection:init_db:39 - MongoDB pinged successfully.
2026-07-20 03:20:08.295 | ERROR    | app.database.connection:init_db:107 - Failed to initialize database: name 'SystemSettings' is not defined
2026-07-20 03:22:41.079 | INFO     | app.main:lifespan:23 - Starting up application...
2026-07-20 03:22:41.080 | INFO     | app.database.connection:init_db:29 - Connecting to MongoDB at mongodb+srv://rohitsenzenvora_db_user:oB02qwLgSvHZwOcH@cluster0.5b0lcqr.mongodb.net/?appName=Cluster0...
2026-07-20 03:22:41.726 | INFO     | app.database.connection:init_db:39 - MongoDB pinged successfully.
2026-07-20 03:22:41.727 | ERROR    | app.database.connection:init_db:109 - Failed to initialize database: name 'SystemSettings' is not defined
2026-07-20 03:22:47.237 | INFO     | app.main:lifespan:23 - Starting up application...
2026-07-20 03:22:47.238 | INFO     | app.database.connection:init_db:30 - Connecting to MongoDB at mongodb+srv://rohitsenzenvora_db_user:oB02qwLgSvHZwOcH@cluster0.5b0lcqr.mongodb.net/?appName=Cluster0...
2026-07-20 03:22:47.814 | INFO     | app.database.connection:init_db:40 - MongoDB pinged successfully.
2026-07-20 03:22:47.815 | ERROR    | app.database.connection:init_db:111 - Failed to initialize database: name 'SystemSettings' is not defined
2026-07-20 03:23:47.235 | INFO     | app.main:lifespan:23 - Starting up application...
2026-07-20 03:23:47.238 | INFO     | app.database.connection:init_db:30 - Connecting to MongoDB at mongodb+srv://rohitsenzenvora_db_user:oB02qwLgSvHZwOcH@cluster0.5b0lcqr.mongodb.net/?appName=Cluster0...
2026-07-20 03:23:48.128 | INFO     | app.database.connection:init_db:40 - MongoDB pinged successfully.
2026-07-20 03:23:48.128 | ERROR    | app.database.connection:init_db:110 - Failed to initialize database: name 'ReportTemplate' is not defined
2026-07-20 03:24:37.909 | INFO     | app.main:lifespan:23 - Starting up application...
2026-07-20 03:24:37.913 | INFO     | app.database.connection:init_db:31 - Connecting to MongoDB at mongodb+srv://rohitsenzenvora_db_user:oB02qwLgSvHZwOcH@cluster0.5b0lcqr.mongodb.net/?appName=Cluster0...
2026-07-20 03:24:38.517 | INFO     | app.database.connection:init_db:41 - MongoDB pinged successfully.
2026-07-20 03:24:42.670 | INFO     | app.database.connection:init_db:109 - MongoDB and Beanie ODM initialized successfully.
2026-07-20 03:24:42.670 | INFO     | app.database.seeder:run_seeder:9 - Running Database Seeder...
2026-07-20 03:26:01.133 | INFO     | app.main:lifespan:23 - Starting up application...
2026-07-20 03:26:01.135 | INFO     | app.database.connection:init_db:31 - Connecting to MongoDB at mongodb+srv://rohitsenzenvora_db_user:oB02qwLgSvHZwOcH@cluster0.5b0lcqr.mongodb.net/?appName=Cluster0...
2026-07-20 03:26:01.819 | INFO     | app.database.connection:init_db:41 - MongoDB pinged successfully.
2026-07-20 03:26:07.131 | INFO     | app.database.connection:init_db:109 - MongoDB and Beanie ODM initialized successfully.
2026-07-20 03:26:07.132 | INFO     | app.database.seeder:run_seeder:9 - Running Database Seeder...
2026-07-20 03:26:08.053 | INFO     | app.database.seeder:run_seeder:46 - Super Admin seeded: admin@delivery.com
2026-07-20 03:26:08.059 | INFO     | app.database.seeder:run_seeder:48 - Seeder completed.
2026-07-20 03:26:08.062 | INFO     | app.main:lifespan:26 - Startup complete.
2026-07-20 03:26:11.347 | INFO     | app.database.seeder:run_seeder:9 - Running Database Seeder...
2026-07-20 03:26:15.257 | INFO     | app.middleware.logging:dispatch:13 - 127.0.0.1 - GET / - 404 - 0.0052s
2026-07-20 03:26:15.396 | INFO     | app.middleware.logging:dispatch:13 - 127.0.0.1 - GET /favicon.ico - 404 - 0.0013s
2026-07-20 03:26:21.574 | INFO     | app.middleware.logging:dispatch:13 - 127.0.0.1 - GET /docs - 200 - 0.0035s
2026-07-20 03:26:22.433 | INFO     | app.middleware.logging:dispatch:13 - 127.0.0.1 - GET /openapi.json - 200 - 0.4853s
2026-07-20 03:27:24.661 | INFO     | app.database.seeder:run_seeder:9 - Running Database Seeder...
2026-07-20 03:28:20.725 | INFO     | app.main:lifespan:28 - Shutting down application...
2026-07-20 03:28:24.676 | INFO     | app.main:lifespan:23 - Starting up application...
2026-07-20 03:28:24.677 | INFO     | app.database.connection:init_db:31 - Connecting to MongoDB at mongodb+srv://rohitsenzenvora_db_user:oB02qwLgSvHZwOcH@cluster0.5b0lcqr.mongodb.net/?appName=Cluster0...
2026-07-20 03:28:25.153 | INFO     | app.database.connection:init_db:41 - MongoDB pinged successfully.
2026-07-20 03:28:30.169 | INFO     | app.database.connection:init_db:109 - MongoDB and Beanie ODM initialized successfully.
2026-07-20 03:28:30.169 | INFO     | app.database.seeder:run_seeder:9 - Running Database Seeder...
2026-07-20 03:28:30.320 | INFO     | app.database.seeder:run_seeder:48 - Seeder completed.
2026-07-20 03:28:30.322 | INFO     | app.main:lifespan:26 - Startup complete.
2026-07-20 03:28:33.893 | INFO     | app.main:lifespan:23 - Starting up application...
2026-07-20 03:28:33.894 | INFO     | app.database.connection:init_db:31 - Connecting to MongoDB at mongodb+srv://rohitsenzenvora_db_user:oB02qwLgSvHZwOcH@cluster0.5b0lcqr.mongodb.net/?appName=Cluster0...
2026-07-20 03:28:34.432 | INFO     | app.database.connection:init_db:41 - MongoDB pinged successfully.
2026-07-20 03:28:39.443 | INFO     | app.database.connection:init_db:109 - MongoDB and Beanie ODM initialized successfully.
2026-07-20 03:28:39.445 | INFO     | app.database.seeder:run_seeder:9 - Running Database Seeder...
2026-07-20 03:28:39.606 | INFO     | app.database.seeder:run_seeder:48 - Seeder completed.
2026-07-20 03:28:39.608 | INFO     | app.main:lifespan:26 - Startup complete.
2026-07-20 03:31:18.721 | INFO     | app.main:lifespan:28 - Shutting down application...
2026-07-20 03:31:23.416 | INFO     | app.main:lifespan:24 - Starting up application...
2026-07-20 03:31:23.417 | INFO     | app.database.connection:init_db:31 - Connecting to MongoDB at mongodb+srv://rohitsenzenvora_db_user:oB02qwLgSvHZwOcH@cluster0.5b0lcqr.mongodb.net/?appName=Cluster0...
2026-07-20 03:31:24.079 | INFO     | app.database.connection:init_db:41 - MongoDB pinged successfully.
2026-07-20 03:31:28.034 | INFO     | app.database.connection:init_db:109 - MongoDB and Beanie ODM initialized successfully.
2026-07-20 03:31:28.035 | INFO     | app.database.seeder:run_seeder:9 - Running Database Seeder...
2026-07-20 03:31:28.153 | INFO     | app.database.seeder:run_seeder:48 - Seeder completed.
2026-07-20 03:31:28.155 | INFO     | app.main:lifespan:27 - Startup complete.
2026-07-20 03:32:23.278 | INFO     | app.main:lifespan:29 - Shutting down application...
2026-07-20 03:32:27.484 | INFO     | app.main:lifespan:23 - Starting up application...
2026-07-20 03:32:27.485 | INFO     | app.database.connection:init_db:31 - Connecting to MongoDB at mongodb+srv://rohitsenzenvora_db_user:oB02qwLgSvHZwOcH@cluster0.5b0lcqr.mongodb.net/?appName=Cluster0...
2026-07-20 03:32:28.079 | INFO     | app.database.connection:init_db:41 - MongoDB pinged successfully.
2026-07-20 03:32:31.864 | INFO     | app.database.connection:init_db:109 - MongoDB and Beanie ODM initialized successfully.
2026-07-20 03:32:31.865 | INFO     | app.database.seeder:run_seeder:9 - Running Database Seeder...
2026-07-20 03:32:31.986 | INFO     | app.database.seeder:run_seeder:48 - Seeder completed.
2026-07-20 03:32:31.988 | INFO     | app.main:lifespan:26 - Startup complete.
2026-07-20 03:34:03.703 | INFO     | app.main:lifespan:28 - Shutting down application...
2026-07-20 03:34:09.539 | INFO     | app.main:lifespan:23 - Starting up application...
2026-07-20 03:34:09.539 | INFO     | app.database.connection:init_db:31 - Connecting to MongoDB at mongodb+srv://rohitsenzenvora_db_user:oB02qwLgSvHZwOcH@cluster0.5b0lcqr.mongodb.net/?appName=Cluster0...
2026-07-20 03:34:10.178 | INFO     | app.database.connection:init_db:41 - MongoDB pinged successfully.
2026-07-20 03:34:15.536 | INFO     | app.database.connection:init_db:109 - MongoDB and Beanie ODM initialized successfully.
2026-07-20 03:34:15.536 | INFO     | app.database.seeder:run_seeder:9 - Running Database Seeder...
2026-07-20 03:34:15.706 | INFO     | app.database.seeder:run_seeder:48 - Seeder completed.
2026-07-20 03:34:15.707 | INFO     | app.main:lifespan:26 - Startup complete.
2026-07-20 03:35:11.888 | INFO     | app.main:lifespan:28 - Shutting down application...
2026-07-20 03:35:15.267 | INFO     | app.main:lifespan:23 - Starting up application...
2026-07-20 03:35:15.268 | INFO     | app.database.connection:init_db:31 - Connecting to MongoDB at mongodb+srv://rohitsenzenvora_db_user:oB02qwLgSvHZwOcH@cluster0.5b0lcqr.mongodb.net/?appName=Cluster0...
2026-07-20 03:35:15.959 | INFO     | app.database.connection:init_db:41 - MongoDB pinged successfully.
2026-07-20 03:35:20.017 | INFO     | app.database.connection:init_db:109 - MongoDB and Beanie ODM initialized successfully.
2026-07-20 03:35:20.018 | INFO     | app.database.seeder:run_seeder:9 - Running Database Seeder...
2026-07-20 03:35:20.138 | INFO     | app.database.seeder:run_seeder:48 - Seeder completed.
2026-07-20 03:35:20.138 | INFO     | app.main:lifespan:26 - Startup complete.
